{"level":"info","message":"Hello from Acquisitions!","service":"acquisitions-api"}
{"level":"info","message":"::1 - - [08/Apr/2026:12:52:11 +0000] \"GET / HTTP/1.1\" 304 - \"-\" \"Mozilla/5.0 (Windows NT 10.0; Win64; x64) AppleWebKit/537.36 (KHTML, like Gecko) Chrome/146.0.0.0 Safari/537.36\"","service":"acquisitions-api"}
{"level":"info","message":"::1 - - [08/Apr/2026:15:33:51 +0000] \"GET /health HTTP/1.1\" 200 73 \"-\" \"Mozilla/5.0 (Windows NT 10.0; Win64; x64) AppleWebKit/537.36 (KHTML, like Gecko) Chrome/146.0.0.0 Safari/537.36\"","service":"acquisitions-api"}
{"level":"info","message":"::1 - - [08/Apr/2026:15:34:08 +0000] \"GET /api HTTP/1.1\" 200 42 \"-\" \"Mozilla/5.0 (Windows NT 10.0; Win64; x64) AppleWebKit/537.36 (KHTML, like Gecko) Chrome/146.0.0.0 Safari/537.36\"","service":"acquisitions-api"}
{"level":"info","message":"::1 - - [08/Apr/2026:15:36:13 +0000] \"POST /api HTTP/1.1\" 404 143 \"-\" \"PostmanRuntime/7.49.1\"","service":"acquisitions-api"}
{"level":"info","message":"::1 - - [08/Apr/2026:15:36:22 +0000] \"GET /api HTTP/1.1\" 200 42 \"-\" \"PostmanRuntime/7.49.1\"","service":"acquisitions-api"}
{"level":"info","message":"::1 - - [08/Apr/2026:15:36:32 +0000] \"GET /health HTTP/1.1\" 200 75 \"-\" \"PostmanRuntime/7.49.1\"","service":"acquisitions-api"}
{"level":"info","message":"::1 - - [08/Apr/2026:15:37:45 +0000] \"POST /api/auth/sign-up HTTP/1.1\" 200 31 \"-\" \"PostmanRuntime/7.49.1\"","service":"acquisitions-api"}
{"level":"info","message":"::1 - - [08/Apr/2026:15:37:58 +0000] \"POST /api/auth/sign-in HTTP/1.1\" 200 31 \"-\" \"PostmanRuntime/7.49.1\"","service":"acquisitions-api"}
{"level":"info","message":"::1 - - [08/Apr/2026:15:38:08 +0000] \"POST /api/auth/sign-out HTTP/1.1\" 200 32 \"-\" \"PostmanRuntime/7.49.1\"","service":"acquisitions-api"}
{"level":"info","message":"::1 - - [08/Apr/2026:18:48:48 +0000] \"POST /api/auth/sign-in HTTP/1.1\" 200 31 \"-\" \"PostmanRuntime/7.49.1\"","service":"acquisitions-api"}
{"level":"error","message":"Error creating user: Error: Failed query: insert into \"users\" (\"id\", \"name\", \"email\", \"password\", \"role\", \"created_at\", \"updated_at\") values (default, default, $1, $2, $3, default, default) returning \"id\", \"name\", \"email\", \"role\", \"created_at\"\nparams: imalsha@1.gmail.com,$2b$10$eHjpC1r.tTiVxhdZpsKU9.PzAJHUCHGxvdJdpK6LmQJeMJ3.e1yuW,user","service":"acquisitions-api"}
{"cause":{"cause":{"code":"23502","column":"name","detail":"Failing row contains (1, null, imalsha@1.gmail.com, $2b$10$eHjpC1r.tTiVxhdZpsKU9.PzAJHUCHGxvdJdpK6LmQJeMJ3.e1yuW, user, 2026-04-08 18:49:14.30229, 2026-04-08 18:49:14.30229).","file":"execMain.c","line":"2032","name":"NeonDbError","routine":"ExecConstraints","schema":"public","severity":"ERROR","table":"users"},"params":["imalsha@1.gmail.com","$2b$10$eHjpC1r.tTiVxhdZpsKU9.PzAJHUCHGxvdJdpK6LmQJeMJ3.e1yuW","user"],"query":"insert into \"users\" (\"id\", \"name\", \"email\", \"password\", \"role\", \"created_at\", \"updated_at\") values (default, default, $1, $2, $3, default, default) returning \"id\", \"name\", \"email\", \"role\", \"created_at\""},"level":"error","message":"Signup Error Error creating user","service":"acquisitions-api","stack":"Error: Error creating user\n    at createUser (file:///D:/DevOps_Course/Acqusitioned_Project/acquisitions/src/services/auth.service.js:31:11)\n    at process.processTicksAndRejections (node:internal/process/task_queues:95:5)\n    at async signup (file:///D:/DevOps_Course/Acqusitioned_Project/acquisitions/src/controllers/auth.controller.js:21:18)"}
{"level":"info","message":"::1 - - [08/Apr/2026:18:49:14 +0000] \"POST /api/auth/sign-up HTTP/1.1\" 500 510 \"-\" \"PostmanRuntime/7.49.1\"","service":"acquisitions-api"}
{"level":"error","message":"Error creating user: Error: Failed query: insert into \"users\" (\"id\", \"name\", \"email\", \"password\", \"role\", \"created_at\", \"updated_at\") values (default, default, $1, $2, $3, default, default) returning \"id\", \"name\", \"email\", \"role\", \"created_at\"\nparams: imalsha@1.gmail.com,$2b$10$vQGXm6gcKjtplNSUFFYDheglA1kooE6SZ8C0L373/2KDAq8hO3eo6,user","service":"acquisitions-api"}
{"cause":{"cause":{"code":"23502","column":"name","detail":"Failing row contains (2, null, imalsha@1.gmail.com, $2b$10$vQGXm6gcKjtplNSUFFYDheglA1kooE6SZ8C0L373/2KDAq8hO3eo6, user, 2026-04-08 18:55:51.352963, 2026-04-08 18:55:51.352963).","file":"execMain.c","line":"2032","name":"NeonDbError","routine":"ExecConstraints","schema":"public","severity":"ERROR","table":"users"},"params":["imalsha@1.gmail.com","$2b$10$vQGXm6gcKjtplNSUFFYDheglA1kooE6SZ8C0L373/2KDAq8hO3eo6","user"],"query":"insert into \"users\" (\"id\", \"name\", \"email\", \"password\", \"role\", \"created_at\", \"updated_at\") values (default, default, $1, $2, $3, default, default) returning \"id\", \"name\", \"email\", \"role\", \"created_at\""},"level":"error","message":"Signup Error Error creating user","service":"acquisitions-api","stack":"Error: Error creating user\n    at createUser (file:///D:/DevOps_Course/Acqusitioned_Project/acquisitions/src/services/auth.service.js:31:11)\n    at process.processTicksAndRejections (node:internal/process/task_queues:95:5)\n    at async signup (file:///D:/DevOps_Course/Acqusitioned_Project/acquisitions/src/controllers/auth.controller.js:21:18)"}
{"level":"info","message":"::1 - - [08/Apr/2026:18:55:51 +0000] \"POST /api/auth/sign-up HTTP/1.1\" 500 510 \"-\" \"PostmanRuntime/7.49.1\"","service":"acquisitions-api"}
{"level":"error","message":"Error creating user: Error: Failed query: insert into \"users\" (\"id\", \"name\", \"email\", \"password\", \"role\", \"created_at\", \"updated_at\") values (default, default, $1, $2, $3, default, default) returning \"id\", \"name\", \"email\", \"role\", \"created_at\"\nparams: imalsha@1.gmail.com,$2b$10$E9JPXn/Qg3nEKfZ22XACVeI90fBFERU6z0F8JST.lX5w0RoEBrZ96,user","service":"acquisitions-api"}
{"cause":{"cause":{"code":"23502","column":"name","detail":"Failing row contains (3, null, imalsha@1.gmail.com, $2b$10$E9JPXn/Qg3nEKfZ22XACVeI90fBFERU6z0F8JST.lX5w0RoEBrZ96, user, 2026-04-08 18:59:31.597955, 2026-04-08 18:59:31.597955).","file":"execMain.c","line":"2032","name":"NeonDbError","routine":"ExecConstraints","schema":"public","severity":"ERROR","table":"users"},"params":["imalsha@1.gmail.com","$2b$10$E9JPXn/Qg3nEKfZ22XACVeI90fBFERU6z0F8JST.lX5w0RoEBrZ96","user"],"query":"insert into \"users\" (\"id\", \"name\", \"email\", \"password\", \"role\", \"created_at\", \"updated_at\") values (default, default, $1, $2, $3, default, default) returning \"id\", \"name\", \"email\", \"role\", \"created_at\""},"level":"error","message":"Signup Error Error creating user","service":"acquisitions-api","stack":"Error: Error creating user\n    at createUser (file:///D:/DevOps_Course/Acqusitioned_Project/acquisitions/src/services/auth.service.js:33:11)\n    at process.processTicksAndRejections (node:internal/process/task_queues:95:5)\n    at async signup (file:///D:/DevOps_Course/Acqusitioned_Project/acquisitions/src/controllers/auth.controller.js:21:18)"}
{"level":"info","message":"::1 - - [08/Apr/2026:18:59:31 +0000] \"POST /api/auth/sign-up HTTP/1.1\" 500 510 \"-\" \"PostmanRuntime/7.49.1\"","service":"acquisitions-api"}
{"level":"error","message":"Error in createUser service: Failed query: insert into \"users\" (\"id\", \"name\", \"email\", \"password\", \"role\", \"created_at\", \"updated_at\") values (default, default, $1, $2, $3, default, default) returning \"id\", \"name\", \"email\", \"role\", \"created_at\"\nparams: imalsha@1.gmail.com,$2b$10$NjX7PsKcnOR6uIHp7XAU1.BfNAKM4sHCbswHdvRN83w8pSwxicCFu,user","service":"acquisitions-api"}
{"cause":{"cause":{"code":"23502","column":"name","detail":"Failing row contains (4, null, imalsha@1.gmail.com, $2b$10$NjX7PsKcnOR6uIHp7XAU1.BfNAKM4sHCbswHdvRN83w8pSwxicCFu, user, 2026-04-08 19:02:54.270805, 2026-04-08 19:02:54.270805).","file":"execMain.c","line":"2032","name":"NeonDbError","routine":"ExecConstraints","schema":"public","severity":"ERROR","table":"users"},"params":["imalsha@1.gmail.com","$2b$10$NjX7PsKcnOR6uIHp7XAU1.BfNAKM4sHCbswHdvRN83w8pSwxicCFu","user"],"query":"insert into \"users\" (\"id\", \"name\", \"email\", \"password\", \"role\", \"created_at\", \"updated_at\") values (default, default, $1, $2, $3, default, default) returning \"id\", \"name\", \"email\", \"role\", \"created_at\""},"level":"error","message":"Signup Error Error creating user","service":"acquisitions-api","stack":"Error: Error creating user\n    at createUser (file:///D:/DevOps_Course/Acqusitioned_Project/acquisitions/src/services/auth.service.js:43:11)\n    at process.processTicksAndRejections (node:internal/process/task_queues:95:5)\n    at async signup (file:///D:/DevOps_Course/Acqusitioned_Project/acquisitions/src/controllers/auth.controller.js:21:18)"}
{"level":"info","message":"::1 - - [08/Apr/2026:19:02:54 +0000] \"POST /api/auth/sign-up HTTP/1.1\" 500 510 \"-\" \"PostmanRuntime/7.49.1\"","service":"acquisitions-api"}
{"level":"info","message":"User created with id: 5 imalsha@1.gmail.com","service":"acquisitions-api"}
{"level":"error","message":"Signup error res.cookies is not a function","service":"acquisitions-api","stack":"TypeError: res.cookies is not a function\n    at Object.set (file:///D:/DevOps_Course/Acqusitioned_Project/acquisitions/src/utils/cookies.js:10:9)\n    at signup (file:///D:/DevOps_Course/Acqusitioned_Project/acquisitions/src/controllers/auth.controller.js:75:13)\n    at process.processTicksAndRejections (node:internal/process/task_queues:95:5)"}
{"level":"info","message":"::1 - - [08/Apr/2026:19:04:54 +0000] \"POST /api/auth/sign-up HTTP/1.1\" 500 509 \"-\" \"PostmanRuntime/7.49.1\"","service":"acquisitions-api"}
{"level":"error","message":"Error in createUser service: User with this email already exists","service":"acquisitions-api"}
{"level":"error","message":"Signup error User with this email already exists","service":"acquisitions-api","stack":"Error: User with this email already exists\n    at createUser (file:///D:/DevOps_Course/Acqusitioned_Project/acquisitions/src/services/auth.service.js:21:13)\n    at process.processTicksAndRejections (node:internal/process/task_queues:95:5)\n    at async signup (file:///D:/DevOps_Course/Acqusitioned_Project/acquisitions/src/controllers/auth.controller.js:67:18)"}
{"level":"info","message":"::1 - - [08/Apr/2026:19:08:04 +0000] \"POST /api/auth/sign-up HTTP/1.1\" 409 31 \"-\" \"PostmanRuntime/7.49.1\"","service":"acquisitions-api"}
{"level":"info","message":"User created with id: 6 imalsha@2.gmail.com","service":"acquisitions-api"}
{"level":"info","message":"User registered successfully: imalsha@2.gmail.com","service":"acquisitions-api"}
{"level":"info","message":"::1 - - [08/Apr/2026:19:08:15 +0000] \"POST /api/auth/sign-up HTTP/1.1\" 201 107 \"-\" \"PostmanRuntime/7.49.1\"","service":"acquisitions-api"}
{"level":"error","message":"Error in createUser service: User with this email already exists","service":"acquisitions-api"}
{"level":"error","message":"Signup error User with this email already exists","service":"acquisitions-api","stack":"Error: User with this email already exists\n    at createUser (file:///D:/DevOps_Course/Acqusitioned_Project/acquisitions/src/services/auth.service.js:21:13)\n    at process.processTicksAndRejections (node:internal/process/task_queues:95:5)\n    at async signup (file:///D:/DevOps_Course/Acqusitioned_Project/acquisitions/src/controllers/auth.controller.js:67:18)"}
{"level":"info","message":"::1 - - [08/Apr/2026:19:08:34 +0000] \"POST /api/auth/sign-up HTTP/1.1\" 409 31 \"-\" \"PostmanRuntime/7.49.1\"","service":"acquisitions-api"}
{"level":"info","message":"User created with id: 7 imalsha@3.gmail.com","service":"acquisitions-api"}
{"level":"info","message":"User registered successfully: imalsha@3.gmail.com","service":"acquisitions-api"}
{"level":"info","message":"::1 - - [08/Apr/2026:19:08:45 +0000] \"POST /api/auth/sign-up HTTP/1.1\" 201 106 \"-\" \"PostmanRuntime/7.49.1\"","service":"acquisitions-api"}
{"level":"info","message":"User imalsha@3.gmail.com authenticated successfully","service":"acquisitions-api"}
{"level":"info","message":"User signed in successfully: imalsha@3.gmail.com","service":"acquisitions-api"}
{"level":"info","message":"::1 - - [08/Apr/2026:19:38:28 +0000] \"POST /api/auth/sign-in HTTP/1.1\" 200 118 \"-\" \"PostmanRuntime/7.49.1\"","service":"acquisitions-api"}
{"level":"info","message":"User signed out successfully","service":"acquisitions-api"}
{"level":"info","message":"::1 - - [08/Apr/2026:19:38:44 +0000] \"POST /api/auth/sign-out HTTP/1.1\" 200 42 \"-\" \"PostmanRuntime/7.49.1\"","service":"acquisitions-api"}
{"ip":"::1","level":"warn","message":"Bot request blocked","path":"/health","service":"acquisitions-api","userAgent":"PostmanRuntime/7.49.1"}
{"level":"info","message":"::1 - - [08/Apr/2026:20:15:05 +0000] \"GET /health HTTP/1.1\" 200 74 \"-\" \"PostmanRuntime/7.49.1\"","service":"acquisitions-api"}
{"ip":"::1","level":"warn","message":"Bot request blocked","path":"/health","service":"acquisitions-api","userAgent":"PostmanRuntime/7.49.1"}
{"level":"info","message":"::1 - - [08/Apr/2026:20:15:13 +0000] \"GET /health HTTP/1.1\" 200 75 \"-\" \"PostmanRuntime/7.49.1\"","service":"acquisitions-api"}
